<?xml version="1.0" encoding="UTF-8"?>
<!-- Generated by org.testng.reporters.JUnitReportReporter -->
<testsuite hostname="TLP1139" failures="0" tests="1" name="testCases.Demo" time="33.373" errors="0" timestamp="2023-10-30T18:27:51 IST" skipped="0">
  <testcase classname="testCases.Demo" name="test1" time="33.373"/>
</testsuite> <!-- testCases.Demo -->
